2020-06-08 00:02:18.336147:
2020-06-08 00:02:21.536157:
2020-06-08 00:02:24.715554:
2020-06-08 00:02:27.869304:
2020-06-08 00:03:07.047413:
2020-06-08 00:03:09.205713:
2020-06-08 00:03:11.431622:
2020-06-08 00:03:13.639329:
2020-06-08 00:03:15.769880:
2020-06-08 00:03:17.913075:
2020-06-08 01:03:46.400741:UNKNOWN:e1ji81f
2020-06-08 01:03:58.463130:UNKNOWN:shd46d1z
2020-06-08 01:04:01.619890:KNOWN:shd4601z
2020-06-08 01:04:03.883035:KNOWN:shd4601z
2020-06-08 01:04:06.164619:UNKNOWN:shd460iz
2020-06-08 01:04:09.415373:KNOWN:shd4601z
2020-06-08 01:04:11.584382:KNOWN:shd4601z
2020-06-08 01:04:13.752053:KNOWN:shd4601z
2020-06-08 01:04:15.933258:UNKNOWN:shd4602
2020-06-08 01:04:25.652498:UNKNOWN:shc4i23s
2020-06-08 01:04:28.828062:UNKNOWN:shc4123s
2020-06-08 01:04:32.019919:UNKNOWN:shc4123s
2020-06-08 01:04:35.208273:UNKNOWN:shc4123s
2020-06-08 01:13:45.915216:UNKNOWN:shb237d:Buzzer Activated:SMS Sent
2020-06-08 01:13:50.740923:UNKNOWN:shb237d:Buzzer Activated:SMS Sent
2020-06-08 01:13:55.094361:UNKNOWN:shb237d:Buzzer Activated:SMS Sent
2020-06-09 20:17:14.548171:UNKNOWN:930k:Buzzer Activated:SMS Sent
2020-06-09 20:17:18.998973:UNKNOWN:shc3930k:Buzzer Activated:SMS Sent
2020-06-09 20:17:23.459146:UNKNOWN:shc3930k:Buzzer Activated:SMS Sent
2020-06-09 20:17:27.820091:UNKNOWN:shc3930k:Buzzer Activated:SMS Sent
2020-06-09 20:26:29.491708:UNKNOWN:shc3930k:Buzzer Activated:SMS Sent
2020-06-09 20:26:33.730377:UNKNOWN:shc3930k:Buzzer Activated:SMS Sent
2020-06-11 20:49:08.095919:UNKNOWN:shd460iz:Buzzer Activated:SMS Sent
2020-06-11 20:49:16.080821:UNKNOWN:shd460iz:Buzzer Activated:SMS Sent
2020-06-11 20:49:21.450789:UNKNOWN:shd460iz:Buzzer Activated:SMS Sent
2020-06-11 20:49:24.846917:UNKNOWN:shd4gdiz:Buzzer Activated:SMS Sent
2020-06-11 20:49:51.646397:KNOWN:shd4601z:
2020-06-11 20:49:53.930990:UNKNOWN:shd460iz:Buzzer Activated:SMS Sent
2020-06-11 20:49:58.217958:UNKNOWN:0md40qiz:Buzzer Activated:SMS Sent
2020-06-11 20:50:01.529433:KNOWN:shd4601z:
2020-06-11 20:50:03.798886:KNOWN:shd4601z:
2020-06-11 20:50:06.103739:UNKNOWN:shd460iz:Buzzer Activated:SMS Sent
2020-06-11 20:50:09.257609:KNOWN:shd4601z:
2020-06-11 20:50:11.838349:UNKNOWN:shd460iz:Buzzer Activated:SMS Sent
2020-06-11 21:22:54.599798:UNKNOWN:shc393:Buzzer Activated:SMS Sent
2020-06-11 21:23:03.319322:KNOWN:shc3930k:
2020-06-11 21:24:41.506887:UNKNOWN:skn939m:Buzzer Activated:SMS Sent
2020-06-11 21:24:44.715718:UNKNOWN:skn939m:Buzzer Activated:SMS Sent
2020-06-11 21:24:47.909572:UNKNOWN:skn939m:Buzzer Activated:SMS Sent
2020-06-11 21:24:51.074721:UNKNOWN:skn939m:Buzzer Activated:SMS Sent
2020-06-11 21:24:54.272143:UNKNOWN:skn939m:Buzzer Activated:SMS Sent
2020-06-11 21:24:57.484698:UNKNOWN:skn939m:Buzzer Activated:SMS Sent
2020-06-11 21:28:40.742231:UNKNOWN:skn939m:Buzzer Activated:SMS Sent
2020-06-11 21:28:45.448064:UNKNOWN:skn939m:Buzzer Activated:SMS Sent
2020-06-11 21:28:48.610539:UNKNOWN:skn939m:Buzzer Activated:SMS Sent
2020-06-11 21:28:51.809772:UNKNOWN:skn939m:Buzzer Activated:SMS Sent
2020-06-11 21:36:19.559934:KNOWN:skn939m:
2020-06-11 21:36:21.785529:KNOWN:skn939m:
2020-06-11 21:36:23.950623:KNOWN:skn939m:
2020-06-11 21:36:26.234650:KNOWN:skn939m:
2020-06-11 21:36:28.403234:KNOWN:skn939m:
2020-06-11 21:36:30.567610:KNOWN:skn939m:
2020-06-11 21:36:37.226002:UNKNOWN:sgk7118h:Buzzer Activated:SMS Sent
2020-06-11 21:36:41.770796:UNKNOWN:sgk7118h:Buzzer Activated:SMS Sent
2020-06-11 21:36:44.960021:UNKNOWN:sgk7118h:Buzzer Activated:SMS Sent
2020-06-11 21:36:48.288730:UNKNOWN:sgk7118h:Buzzer Activated:SMS Sent
2020-06-11 21:36:51.456436:UNKNOWN:sgk7118h:Buzzer Activated:SMS Sent
2020-06-11 21:36:54.774662:UNKNOWN:sk7118h:Buzzer Activated:SMS Sent
2020-06-11 21:36:57.950668:UNKNOWN:sgk7118h:Buzzer Activated:SMS Sent
2020-06-11 21:37:01.269345:UNKNOWN:sgk7118h:Buzzer Activated:SMS Sent
2020-06-11 21:37:04.560078:UNKNOWN:sgk7118h:Buzzer Activated:SMS Sent
2020-06-11 21:41:54.594828:KNOWN:skn939m:
2020-06-11 21:41:56.761063:KNOWN:skn939m:
2020-06-11 21:41:58.938722:KNOWN:skn939m:
2020-06-11 21:42:01.084857:KNOWN:skn939m:
2020-06-11 21:42:03.283737:KNOWN:skn939m:
2020-06-11 21:42:05.504980:KNOWN:skn939m:
2020-06-11 21:42:07.697479:KNOWN:skn939m:
2020-06-11 21:42:09.913614:KNOWN:skn939m:
2020-06-11 21:51:13.825682:UNKNOWN:sklm53:Buzzer Activated:SMS Sent
2020-06-11 21:51:18.531577:UNKNOWN:skl1453:Buzzer Activated:SMS Sent
2020-06-11 21:51:21.697043:UNKNOWN:skl453:Buzzer Activated:SMS Sent
2020-06-11 21:51:24.915839:UNKNOWN:skl453:Buzzer Activated:SMS Sent
2020-06-11 21:51:28.091852:UNKNOWN:sml1453:Buzzer Activated:SMS Sent
2020-06-11 21:51:31.309634:UNKNOWN:skl1453:Buzzer Activated:SMS Sent
2020-06-11 21:51:34.486610:UNKNOWN:skl453:Buzzer Activated:SMS Sent
2020-06-11 21:51:37.717171:UNKNOWN:skl1453:Buzzer Activated:SMS Sent
2020-06-11 21:51:40.899852:UNKNOWN:skl1453:Buzzer Activated:SMS Sent
2020-06-11 21:53:39.344874:UNKNOWN:sdn7484u:Buzzer Activated:SMS Sent
2020-06-11 21:53:44.477261:UNKNOWN:sdn7484u:Buzzer Activated:SMS Sent
2020-06-11 21:53:47.965469:UNKNOWN:sdn7484u:Buzzer Activated:SMS Sent
2020-06-11 21:53:51.383959:UNKNOWN:sdn7484u:Buzzer Activated:SMS Sent
2020-06-11 21:53:54.864142:UNKNOWN:sdn7484u:Buzzer Activated:SMS Sent
2020-06-11 22:13:07.104928:UNKNOWN:sdn7484u:Buzzer Activated:SMS Sent
2020-06-11 22:13:12.452060:UNKNOWN:sdn7484u:Buzzer Activated:SMS Sent
2020-06-11 22:13:15.791434:UNKNOWN:sdn7484u:Buzzer Activated:SMS Sent
2020-06-11 22:13:19.309325:UNKNOWN:sdn7484u:Buzzer Activated:SMS Sent
2020-06-11 22:13:30.108441:UNKNOWN:sdn7484u:Buzzer Activated:SMS Sent
2020-06-11 22:13:33.578767:UNKNOWN:sdn7484u:Buzzer Activated:SMS Sent
2020-06-11 22:13:36.933942:UNKNOWN:sdn7484u:Buzzer Activated:SMS Sent
2020-06-11 22:13:40.447295:UNKNOWN:sdn7484u:Buzzer Activated:SMS Sent
2020-06-11 22:13:43.843380:UNKNOWN:sdn7484u:Buzzer Activated:SMS Sent
2020-06-11 22:13:47.464386:UNKNOWN:sdn7484u:Buzzer Activated:SMS Sent
2020-06-11 22:13:58.567675:UNKNOWN:sdn7484u:Buzzer Activated:SMS Sent
2020-06-11 22:14:02.043087:UNKNOWN:sdn7484u:Buzzer Activated:SMS Sent
2020-06-11 22:14:05.599226:UNKNOWN:sdn7484u:Buzzer Activated:SMS Sent
2020-06-11 22:32:53.128901:UNKNOWN:sdn7484u:Buzzer Activated:SMS Sent
2020-06-11 22:32:57.937460:UNKNOWN:sdn7484u:Buzzer Activated:SMS Sent
2020-06-11 22:33:01.343507:UNKNOWN:sdn7484u:Buzzer Activated:SMS Sent
2020-06-11 22:33:04.668165:UNKNOWN:sdn7484u:Buzzer Activated:SMS Sent
2020-06-11 22:33:08.036987:UNKNOWN:sdn7484u:Buzzer Activated:SMS Sent
